<?xml version="1.0" encoding="UTF-8"?>
<testng-results skipped="0" failed="0" total="1" passed="1">
  <reporter-output>
  </reporter-output>
  <suite name="Default suite" duration-ms="3464" started-at="2014-07-09T06:05:55Z" finished-at="2014-07-09T06:05:59Z">
    <groups>
    </groups>
    <test name="Default test" duration-ms="3464" started-at="2014-07-09T06:05:55Z" finished-at="2014-07-09T06:05:59Z">
      <class name="com.rest.restassured.RestAssuredSample">
        <test-method status="PASS" signature="facebookTest()[pri:0, instance:com.rest.restassured.RestAssuredSample@cd2b045]" name="facebookTest" duration-ms="3449" started-at="2014-07-09T11:35:55Z" finished-at="2014-07-09T11:35:59Z">
          <reporter-output>
          </reporter-output>
        </test-method> <!-- facebookTest -->
      </class> <!-- com.rest.restassured.RestAssuredSample -->
    </test> <!-- Default test -->
  </suite> <!-- Default suite -->
</testng-results>
